#
# There is insufficient memory for the Java Runtime Environment to continue.
# Native memory allocation (malloc) failed to allocate 1604656 bytes for Chunk::new
# Possible reasons:
#   The system is out of physical RAM or swap space
#   In 32 bit mode, the process size limit was hit
# Possible solutions:
#   Reduce memory load on the system
#   Increase physical memory or swap space
#   Check if swap backing store is full
#   Use 64 bit Java on a 64 bit OS
#   Decrease Java heap size (-Xmx/-Xms)
#   Decrease number of Java threads
#   Decrease Java thread stack sizes (-Xss)
#   Set larger code cache with -XX:ReservedCodeCacheSize=
# This output file may be truncated or incomplete.
#
#  Out of Memory Error (allocation.cpp:390), pid=14540, tid=9072
#
# JRE version: Java(TM) SE Runtime Environment (8.0_40-b25) (build 1.8.0_40-b25)
# Java VM: Java HotSpot(TM) 64-Bit Server VM (25.40-b25 mixed mode windows-amd64 compressed oops)
# Failed to write core dump. Minidumps are not enabled by default on client versions of Windows
#

---------------  T H R E A D  ---------------

Current thread (0x0000000018392800):  JavaThread "C2 CompilerThread1" daemon [_thread_in_native, id=9072, stack(0x0000000019980000,0x0000000019a80000)]

Stack: [0x0000000019980000,0x0000000019a80000]
Native frames: (J=compiled Java code, j=interpreted, Vv=VM code, C=native code)
V  [jvm.dll+0x32b47a]
V  [jvm.dll+0x2797f3]
V  [jvm.dll+0x27a489]
V  [jvm.dll+0x2717a5]
V  [jvm.dll+0xcb9a2]
V  [jvm.dll+0xcbe6c]
V  [jvm.dll+0x49294c]
V  [jvm.dll+0x45f94a]
V  [jvm.dll+0x46a73b]
V  [jvm.dll+0x46cd52]
V  [jvm.dll+0x4500d2]
V  [jvm.dll+0xa4312]
V  [jvm.dll+0xa4c4f]
V  [jvm.dll+0x241914]
V  [jvm.dll+0x29848a]
C  [msvcr100.dll+0x21d9f]
C  [msvcr100.dll+0x21e3b]
C  [KERNEL32.DLL+0x14034]
C  [ntdll.dll+0x73691]


Current CompileTask:
C2: 777480 20206       4       org.objectweb.asm.ClassReader::readMethod (1126 bytes)


---------------  P R O C E S S  ---------------

Java Threads: ( => current thread )
  0x0000000026c6b800 JavaThread "ForkJoinPool.commonPool-worker-3" daemon [_thread_blocked, id=8056, stack(0x0000000030d70000,0x0000000030e70000)]
  0x0000000026c70000 JavaThread "ForkJoinPool.commonPool-worker-10" daemon [_thread_blocked, id=15728, stack(0x0000000030c70000,0x0000000030d70000)]
  0x0000000026c71800 JavaThread "ForkJoinPool.commonPool-worker-1" daemon [_thread_blocked, id=9436, stack(0x0000000030b70000,0x0000000030c70000)]
  0x0000000026c72000 JavaThread "ForkJoinPool.commonPool-worker-8" daemon [_thread_blocked, id=17880, stack(0x0000000030a70000,0x0000000030b70000)]
  0x000000001db9c800 JavaThread "ForkJoinPool.commonPool-worker-15" daemon [_thread_blocked, id=15532, stack(0x0000000030970000,0x0000000030a70000)]
  0x000000001db9b000 JavaThread "ForkJoinPool.commonPool-worker-6" daemon [_thread_blocked, id=4700, stack(0x0000000030870000,0x0000000030970000)]
  0x000000001db9a000 JavaThread "ForkJoinPool.commonPool-worker-13" daemon [_thread_blocked, id=4072, stack(0x0000000030770000,0x0000000030870000)]
  0x000000001db98800 JavaThread "ForkJoinPool.commonPool-worker-4" daemon [_thread_blocked, id=18288, stack(0x0000000030670000,0x0000000030770000)]
  0x000000001db97000 JavaThread "ForkJoinPool.commonPool-worker-11" daemon [_thread_blocked, id=14008, stack(0x0000000030570000,0x0000000030670000)]
  0x000000001db9b800 JavaThread "ForkJoinPool.commonPool-worker-2" daemon [_thread_in_vm, id=2272, stack(0x0000000030470000,0x0000000030570000)]
  0x000000001db99800 JavaThread "ForkJoinPool.commonPool-worker-9" daemon [_thread_blocked, id=6620, stack(0x0000000030370000,0x0000000030470000)]
  0x000000001db98000 JavaThread "Cache worker for Java compile cache (D:\project\jsdroid\idea\JsDroidMobile\.gradle\5.1.1\javaCompile)" [_thread_blocked, id=2476, stack(0x0000000030270000,0x0000000030370000)]
  0x000000001db9d000 JavaThread "Cache worker for Java compile cache (D:\gradle\cache\caches\5.1.1\javaCompile)" [_thread_blocked, id=18840, stack(0x0000000030170000,0x0000000030270000)]
  0x000000001b306800 JavaThread "Cache worker for execution history cache (D:\project\jsdroid\idea\JsDroidMobile\.gradle\5.1.1\executionHistory)" [_thread_blocked, id=5628, stack(0x0000000030070000,0x0000000030170000)]
  0x000000001b308000 JavaThread "Execution worker for ':' Thread 11" [_thread_blocked, id=4000, stack(0x000000002ff70000,0x0000000030070000)]
  0x000000001b306000 JavaThread "Execution worker for ':' Thread 10" [_thread_blocked, id=10284, stack(0x000000002fe70000,0x000000002ff70000)]
  0x000000001b30b000 JavaThread "Execution worker for ':' Thread 9" [_thread_blocked, id=18404, stack(0x000000002fd70000,0x000000002fe70000)]
  0x000000001b307800 JavaThread "Execution worker for ':' Thread 8" [_thread_blocked, id=7360, stack(0x000000002fc70000,0x000000002fd70000)]
  0x00000000224fb000 JavaThread "Execution worker for ':' Thread 7" [_thread_blocked, id=16424, stack(0x000000002fb70000,0x000000002fc70000)]
  0x00000000224fb800 JavaThread "Execution worker for ':' Thread 6" [_thread_blocked, id=15420, stack(0x000000002fa70000,0x000000002fb70000)]
  0x00000000224fa000 JavaThread "Execution worker for ':' Thread 5" [_thread_blocked, id=18680, stack(0x000000002f970000,0x000000002fa70000)]
  0x00000000224f8800 JavaThread "Execution worker for ':' Thread 4" [_thread_blocked, id=17688, stack(0x000000002f870000,0x000000002f970000)]
  0x00000000224fe000 JavaThread "Execution worker for ':' Thread 3" [_thread_blocked, id=19196, stack(0x000000002f770000,0x000000002f870000)]
  0x00000000224f6800 JavaThread "Execution worker for ':' Thread 2" [_thread_blocked, id=19360, stack(0x000000002f670000,0x000000002f770000)]
  0x00000000224f7000 JavaThread "Execution worker for ':'" [_thread_blocked, id=6584, stack(0x000000002f570000,0x000000002f670000)]
  0x00000000224fd000 JavaThread "Cache worker for file content cache (D:\project\jsdroid\idea\JsDroidMobile\.gradle\5.1.1\fileContent)" [_thread_blocked, id=2224, stack(0x000000002f470000,0x000000002f570000)]
  0x00000000224ef000 JavaThread "Cache worker for file content cache (D:\gradle\cache\caches\5.1.1\fileContent)" [_thread_blocked, id=17868, stack(0x000000002f370000,0x000000002f470000)]
  0x00000000224f5800 JavaThread "pool-52-thread-1" [_thread_blocked, id=8708, stack(0x000000002f270000,0x000000002f370000)]
  0x00000000224f3800 JavaThread "Cache worker for Build Output Cleanup Cache (D:\project\jsdroid\idea\JsDroidMobile\.gradle\buildOutputCleanup)" [_thread_blocked, id=18296, stack(0x000000002f170000,0x000000002f270000)]
  0x00000000224f5000 JavaThread "Build operations Thread 12" [_thread_blocked, id=18092, stack(0x000000002f070000,0x000000002f170000)]
  0x00000000224f4000 JavaThread "Build operations Thread 11" [_thread_blocked, id=9724, stack(0x000000002ef70000,0x000000002f070000)]
  0x00000000224ef800 JavaThread "Build operations Thread 10" [_thread_blocked, id=13784, stack(0x000000002ee70000,0x000000002ef70000)]
  0x00000000224f2800 JavaThread "Build operations Thread 9" [_thread_blocked, id=18972, stack(0x000000002ed70000,0x000000002ee70000)]
  0x0000000021c2b800 JavaThread "Build operations Thread 8" [_thread_blocked, id=17312, stack(0x000000002ec70000,0x000000002ed70000)]
  0x0000000021c29000 JavaThread "Build operations Thread 7" [_thread_blocked, id=17272, stack(0x000000002eb70000,0x000000002ec70000)]
  0x0000000021c28800 JavaThread "Build operations Thread 6" [_thread_blocked, id=152, stack(0x000000002ea70000,0x000000002eb70000)]
  0x0000000021c27800 JavaThread "Build operations Thread 5" [_thread_blocked, id=13772, stack(0x000000002e970000,0x000000002ea70000)]
  0x0000000021c20000 JavaThread "Build operations Thread 4" [_thread_blocked, id=10492, stack(0x000000002e870000,0x000000002e970000)]
  0x0000000021c27000 JavaThread "Build operations Thread 3" [_thread_blocked, id=2572, stack(0x000000002e770000,0x000000002e870000)]
  0x0000000021c1f000 JavaThread "Build operations Thread 2" [_thread_blocked, id=5536, stack(0x000000002e670000,0x000000002e770000)]
  0x0000000021c26000 JavaThread "Build operations" [_thread_blocked, id=18328, stack(0x000000002e570000,0x000000002e670000)]
  0x0000000021c25800 JavaThread "Cache worker for cache directory md-rule (D:\gradle\cache\caches\5.1.1\md-rule)" [_thread_blocked, id=2924, stack(0x000000002e470000,0x000000002e570000)]
  0x0000000021c22000 JavaThread "Cache worker for cache directory md-supplier (D:\gradle\cache\caches\5.1.1\md-supplier)" [_thread_blocked, id=10560, stack(0x000000002e370000,0x000000002e470000)]
  0x0000000021c1e800 JavaThread "Cache worker for file hash cache (D:\project\jsdroid\idea\JsDroidMobile\.gradle\5.1.1\fileHashes)" [_thread_blocked, id=13644, stack(0x000000002e270000,0x000000002e370000)]
  0x0000000021c23000 JavaThread "Thread-83" [_thread_blocked, id=19376, stack(0x000000002e170000,0x000000002e270000)]
  0x0000000021c20800 JavaThread "Stdin handler" [_thread_blocked, id=18152, stack(0x000000002e070000,0x000000002e170000)]
  0x0000000021c1d800 JavaThread "Asynchronous log dispatcher for DefaultDaemonConnection: socket connection from /127.0.0.1:50195 to /127.0.0.1:50675" [_thread_blocked, id=2840, stack(0x000000002df70000,0x000000002e070000)]
  0x0000000021c24800 JavaThread "Daemon worker Thread 3" [_thread_blocked, id=2612, stack(0x000000002de70000,0x000000002df70000)]
  0x0000000021c21800 JavaThread "Cancel handler" [_thread_blocked, id=14852, stack(0x000000002dd70000,0x000000002de70000)]
  0x0000000021c1d000 JavaThread "Handler for socket connection from /127.0.0.1:50195 to /127.0.0.1:50675" [_thread_in_native, id=7060, stack(0x000000002dc70000,0x000000002dd70000)]
  0x0000000021c1c000 JavaThread "Daemon Thread 3" [_thread_blocked, id=18220, stack(0x000000002db70000,0x000000002dc70000)]
  0x0000000021a34800 JavaThread "pool-7-thread-8" [_thread_blocked, id=14328, stack(0x00000000287e0000,0x00000000288e0000)]
  0x0000000021a3a800 JavaThread "pool-7-thread-7" [_thread_blocked, id=10932, stack(0x00000000286e0000,0x00000000287e0000)]
  0x0000000021a34000 JavaThread "pool-7-thread-6" [_thread_blocked, id=18460, stack(0x00000000285e0000,0x00000000286e0000)]
  0x0000000021a3a000 JavaThread "pool-7-thread-5" [_thread_blocked, id=11220, stack(0x00000000284e0000,0x00000000285e0000)]
  0x0000000021a39000 JavaThread "pool-7-thread-4" [_thread_blocked, id=6932, stack(0x00000000283e0000,0x00000000284e0000)]
  0x0000000021a37800 JavaThread "pool-7-thread-3" [_thread_blocked, id=19236, stack(0x00000000282e0000,0x00000000283e0000)]
  0x0000000021a36000 JavaThread "pool-7-thread-2" [_thread_blocked, id=9156, stack(0x00000000281e0000,0x00000000282e0000)]
  0x0000000021a38800 JavaThread "pool-7-thread-1" [_thread_blocked, id=8856, stack(0x00000000280e0000,0x00000000281e0000)]
  0x0000000021a37000 JavaThread "Memory manager" [_thread_blocked, id=3880, stack(0x00000000260e0000,0x00000000261e0000)]
  0x00000000224f1000 JavaThread "Cache worker for execution history cache (D:\gradle\cache\caches\5.1.1\executionHistory)" [_thread_blocked, id=6556, stack(0x0000000023880000,0x0000000023980000)]
  0x000000001b309800 JavaThread "Cache worker for journal cache (D:\gradle\cache\caches\journal-1)" [_thread_blocked, id=6232, stack(0x000000001c800000,0x000000001c900000)]
  0x000000001b30a800 JavaThread "File lock request listener" [_thread_in_native, id=3360, stack(0x000000001c700000,0x000000001c800000)]
  0x000000001b309000 JavaThread "Cache worker for file hash cache (D:\gradle\cache\caches\5.1.1\fileHashes)" [_thread_blocked, id=18660, stack(0x000000001c600000,0x000000001c700000)]
  0x000000001b2a1800 JavaThread "Daemon periodic checks" [_thread_blocked, id=19132, stack(0x000000001bb00000,0x000000001bc00000)]
  0x000000001b29d000 JavaThread "Incoming local TCP Connector on port 50195" [_thread_in_native, id=13204, stack(0x000000001b950000,0x000000001ba50000)]
  0x000000001b1ce800 JavaThread "Daemon health stats" [_thread_blocked, id=12020, stack(0x000000001b650000,0x000000001b750000)]
  0x0000000018417000 JavaThread "Service Thread" daemon [_thread_blocked, id=4040, stack(0x0000000019c80000,0x0000000019d80000)]
  0x0000000018399800 JavaThread "C1 CompilerThread3" daemon [_thread_blocked, id=12748, stack(0x0000000019b80000,0x0000000019c80000)]
  0x0000000018395800 JavaThread "C2 CompilerThread2" daemon [_thread_in_native, id=5144, stack(0x0000000019a80000,0x0000000019b80000)]
=>0x0000000018392800 JavaThread "C2 CompilerThread1" daemon [_thread_in_native, id=9072, stack(0x0000000019980000,0x0000000019a80000)]
  0x000000001833a800 JavaThread "C2 CompilerThread0" daemon [_thread_in_native, id=14004, stack(0x0000000019880000,0x0000000019980000)]
  0x0000000018338000 JavaThread "Attach Listener" daemon [_thread_blocked, id=8048, stack(0x0000000019780000,0x0000000019880000)]
  0x000000001838c000 JavaThread "Signal Dispatcher" daemon [_thread_blocked, id=4648, stack(0x0000000019680000,0x0000000019780000)]
  0x0000000016c4d000 JavaThread "Finalizer" daemon [_thread_blocked, id=7004, stack(0x0000000019580000,0x0000000019680000)]
  0x0000000016c4b800 JavaThread "Reference Handler" daemon [_thread_blocked, id=15620, stack(0x0000000019480000,0x0000000019580000)]
  0x0000000002c8e000 JavaThread "main" [_thread_blocked, id=18892, stack(0x00000000026b0000,0x00000000027b0000)]

Other Threads:
  0x0000000018302800 VMThread [stack: 0x0000000019380000,0x0000000019480000] [id=19116]
  0x0000000018428000 WatcherThread [stack: 0x0000000019d80000,0x0000000019e80000] [id=3420]

VM state:not at safepoint (normal execution)

VM Mutex/Monitor currently owned by a thread: None

Heap:
 PSYoungGen      total 390144K, used 142878K [0x00000000e0000000, 0x0000000100000000, 0x0000000100000000)
  eden space 315392K, 45% used [0x00000000e0000000,0x00000000e8b87918,0x00000000f3400000)
  from space 74752K, 0% used [0x00000000f3400000,0x00000000f3400000,0x00000000f7d00000)
  to   space 110080K, 0% used [0x00000000f9480000,0x00000000f9480000,0x0000000100000000)
 ParOldGen       total 476160K, used 161975K [0x00000000a0000000, 0x00000000bd100000, 0x00000000e0000000)
  object space 476160K, 34% used [0x00000000a0000000,0x00000000a9e2dfe8,0x00000000bd100000)
 Metaspace       used 89768K, capacity 96600K, committed 97024K, reserved 1132544K
  class space    used 11819K, capacity 13448K, committed 13568K, reserved 1048576K

Card table byte_map: [0x0000000012050000,0x0000000012360000] byte_map_base: 0x0000000011b50000

Marking Bits: (ParMarkBitMap*) 0x0000000063fe4040
 Begin Bits: [0x0000000012f60000, 0x0000000014760000)
 End Bits:   [0x0000000014760000, 0x0000000015f60000)

Polling page: 0x00000000003c0000

CodeCache: size=245760Kb used=54471Kb max_used=54578Kb free=191288Kb
 bounds [0x0000000002c90000, 0x0000000006260000, 0x0000000011c90000]
 total_blobs=17342 nmethods=16464 adapters=788
 compilation: enabled

Compilation events (10 events):
Event: 777.248 Thread 0x0000000018399800 nmethod 20232 0x00000000038b87d0 code [0x00000000038b8940, 0x00000000038b8ae8]
Event: 777.248 Thread 0x0000000018395800 nmethod 20213 0x0000000004a6dfd0 code [0x0000000004a6e120, 0x0000000004a6e5b8]
Event: 777.248 Thread 0x000000001833a800 20216       4       org.objectweb.asm.ClassReader::accept (1273 bytes)
Event: 777.248 Thread 0x0000000018395800 20227       4       org.objectweb.asm.ClassReader::readField (664 bytes)
Event: 777.320 Thread 0x0000000018392800 nmethod 20160% 0x0000000006237150 code [0x0000000006237ae0, 0x00000000062471d0]
Event: 777.322 Thread 0x0000000018392800 20206       4       org.objectweb.asm.ClassReader::readMethod (1126 bytes)
Event: 777.334 Thread 0x0000000018395800 nmethod 20227 0x00000000061f2f50 code [0x00000000061f33a0, 0x00000000061f8090]
Event: 777.335 Thread 0x0000000018395800 20134       4       org.objectweb.asm.ClassReader::readUTF (194 bytes)
Event: 777.339 Thread 0x0000000018395800 nmethod 20134 0x0000000003758c90 code [0x0000000003758e00, 0x00000000037592f8]
Event: 777.340 Thread 0x0000000018395800 20233 %     4       org.objectweb.asm.ClassReader::readCode @ 74 (3575 bytes)

GC Heap History (10 events):
Event: 694.787 GC heap before
{Heap before GC invocations=21 (full 3):
 PSYoungGen      total 321536K, used 321520K [0x00000000e0000000, 0x00000000fb980000, 0x0000000100000000)
  eden space 268800K, 100% used [0x00000000e0000000,0x00000000f0680000,0x00000000f0680000)
  from space 52736K, 99% used [0x00000000f0680000,0x00000000f39fc040,0x00000000f3a00000)
  to   space 70656K, 0% used [0x00000000f7480000,0x00000000f7480000,0x00000000fb980000)
 ParOldGen       total 254464K, used 126977K [0x00000000a0000000, 0x00000000af880000, 0x00000000e0000000)
  object space 254464K, 49% used [0x00000000a0000000,0x00000000a7c00788,0x00000000af880000)
 Metaspace       used 80672K, capacity 87076K, committed 87168K, reserved 1124352K
  class space    used 10819K, capacity 12360K, committed 12416K, reserved 1048576K
Event: 694.819 GC heap after
Heap after GC invocations=21 (full 3):
 PSYoungGen      total 377344K, used 51824K [0x00000000e0000000, 0x00000000fc180000, 0x0000000100000000)
  eden space 306688K, 0% used [0x00000000e0000000,0x00000000e0000000,0x00000000f2b80000)
  from space 70656K, 73% used [0x00000000f7480000,0x00000000fa71c280,0x00000000fb980000)
  to   space 74752K, 0% used [0x00000000f2b80000,0x00000000f2b80000,0x00000000f7480000)
 ParOldGen       total 254464K, used 149831K [0x00000000a0000000, 0x00000000af880000, 0x00000000e0000000)
  object space 254464K, 58% used [0x00000000a0000000,0x00000000a9251ee0,0x00000000af880000)
 Metaspace       used 80672K, capacity 87076K, committed 87168K, reserved 1124352K
  class space    used 10819K, capacity 12360K, committed 12416K, reserved 1048576K
}
Event: 773.949 GC heap before
{Heap before GC invocations=22 (full 3):
 PSYoungGen      total 377344K, used 358512K [0x00000000e0000000, 0x00000000fc180000, 0x0000000100000000)
  eden space 306688K, 100% used [0x00000000e0000000,0x00000000f2b80000,0x00000000f2b80000)
  from space 70656K, 73% used [0x00000000f7480000,0x00000000fa71c280,0x00000000fb980000)
  to   space 74752K, 0% used [0x00000000f2b80000,0x00000000f2b80000,0x00000000f7480000)
 ParOldGen       total 254464K, used 149831K [0x00000000a0000000, 0x00000000af880000, 0x00000000e0000000)
  object space 254464K, 58% used [0x00000000a0000000,0x00000000a9251ee0,0x00000000af880000)
 Metaspace       used 82909K, capacity 89584K, committed 89856K, reserved 1126400K
  class space    used 11061K, capacity 12680K, committed 12800K, reserved 1048576K
Event: 773.970 GC heap after
Heap after GC invocations=22 (full 3):
 PSYoungGen      total 381440K, used 66084K [0x00000000e0000000, 0x00000000ff580000, 0x0000000100000000)
  eden space 306688K, 0% used [0x00000000e0000000,0x00000000e0000000,0x00000000f2b80000)
  from space 74752K, 88% used [0x00000000f2b80000,0x00000000f6c09128,0x00000000f7480000)
  to   space 83456K, 0% used [0x00000000fa400000,0x00000000fa400000,0x00000000ff580000)
 ParOldGen       total 254464K, used 149839K [0x00000000a0000000, 0x00000000af880000, 0x00000000e0000000)
  object space 254464K, 58% used [0x00000000a0000000,0x00000000a9253ee0,0x00000000af880000)
 Metaspace       used 82909K, capacity 89584K, committed 89856K, reserved 1126400K
  class space    used 11061K, capacity 12680K, committed 12800K, reserved 1048576K
}
Event: 775.273 GC heap before
{Heap before GC invocations=23 (full 3):
 PSYoungGen      total 381440K, used 372772K [0x00000000e0000000, 0x00000000ff580000, 0x0000000100000000)
  eden space 306688K, 100% used [0x00000000e0000000,0x00000000f2b80000,0x00000000f2b80000)
  from space 74752K, 88% used [0x00000000f2b80000,0x00000000f6c09128,0x00000000f7480000)
  to   space 83456K, 0% used [0x00000000fa400000,0x00000000fa400000,0x00000000ff580000)
 ParOldGen       total 254464K, used 149839K [0x00000000a0000000, 0x00000000af880000, 0x00000000e0000000)
  object space 254464K, 58% used [0x00000000a0000000,0x00000000a9253ee0,0x00000000af880000)
 Metaspace       used 83442K, capacity 90430K, committed 90624K, reserved 1126400K
  class space    used 11112K, capacity 12735K, committed 12800K, reserved 1048576K
Event: 775.315 GC heap after
Heap after GC invocations=23 (full 3):
 PSYoungGen      total 398848K, used 83441K [0x00000000e0000000, 0x0000000100000000, 0x0000000100000000)
  eden space 315392K, 0% used [0x00000000e0000000,0x00000000e0000000,0x00000000f3400000)
  from space 83456K, 99% used [0x00000000fa400000,0x00000000ff57c5b0,0x00000000ff580000)
  to   space 104448K, 0% used [0x00000000f3400000,0x00000000f3400000,0x00000000f9a00000)
 ParOldGen       total 254464K, used 170956K [0x00000000a0000000, 0x00000000af880000, 0x00000000e0000000)
  object space 254464K, 67% used [0x00000000a0000000,0x00000000aa6f3040,0x00000000af880000)
 Metaspace       used 83442K, capacity 90430K, committed 90624K, reserved 1126400K
  class space    used 11112K, capacity 12735K, committed 12800K, reserved 1048576K
}
Event: 776.992 GC heap before
{Heap before GC invocations=24 (full 3):
 PSYoungGen      total 398848K, used 398833K [0x00000000e0000000, 0x0000000100000000, 0x0000000100000000)
  eden space 315392K, 100% used [0x00000000e0000000,0x00000000f3400000,0x00000000f3400000)
  from space 83456K, 99% used [0x00000000fa400000,0x00000000ff57c5b0,0x00000000ff580000)
  to   space 104448K, 0% used [0x00000000f3400000,0x00000000f3400000,0x00000000f9a00000)
 ParOldGen       total 254464K, used 170956K [0x00000000a0000000, 0x00000000af880000, 0x00000000e0000000)
  object space 254464K, 67% used [0x00000000a0000000,0x00000000aa6f3040,0x00000000af880000)
 Metaspace       used 89808K, capacity 96738K, committed 97024K, reserved 1132544K
  class space    used 11833K, capacity 13471K, committed 13568K, reserved 1048576K
Event: 777.047 GC heap after
Heap after GC invocations=24 (full 3):
 PSYoungGen      total 390144K, used 74557K [0x00000000e0000000, 0x0000000100000000, 0x0000000100000000)
  eden space 315392K, 0% used [0x00000000e0000000,0x00000000e0000000,0x00000000f3400000)
  from space 74752K, 99% used [0x00000000f3400000,0x00000000f7ccf630,0x00000000f7d00000)
  to   space 110080K, 0% used [0x00000000f9480000,0x00000000f9480000,0x0000000100000000)
 ParOldGen       total 254464K, used 219964K [0x00000000a0000000, 0x00000000af880000, 0x00000000e0000000)
  object space 254464K, 86% used [0x00000000a0000000,0x00000000ad6cf2a8,0x00000000af880000)
 Metaspace       used 89808K, capacity 96738K, committed 97024K, reserved 1132544K
  class space    used 11833K, capacity 13471K, committed 13568K, reserved 1048576K
}
Event: 777.047 GC heap before
{Heap before GC invocations=25 (full 4):
 PSYoungGen      total 390144K, used 74557K [0x00000000e0000000, 0x0000000100000000, 0x0000000100000000)
  eden space 315392K, 0% used [0x00000000e0000000,0x00000000e0000000,0x00000000f3400000)
  from space 74752K, 99% used [0x00000000f3400000,0x00000000f7ccf630,0x00000000f7d00000)
  to   space 110080K, 0% used [0x00000000f9480000,0x00000000f9480000,0x0000000100000000)
 ParOldGen       total 254464K, used 219964K [0x00000000a0000000, 0x00000000af880000, 0x00000000e0000000)
  object space 254464K, 86% used [0x00000000a0000000,0x00000000ad6cf2a8,0x00000000af880000)
 Metaspace       used 89808K, capacity 96738K, committed 97024K, reserved 1132544K
  class space    used 11833K, capacity 13471K, committed 13568K, reserved 1048576K
Event: 777.238 GC heap after
Heap after GC invocations=25 (full 4):
 PSYoungGen      total 390144K, used 0K [0x00000000e0000000, 0x0000000100000000, 0x0000000100000000)
  eden space 315392K, 0% used [0x00000000e0000000,0x00000000e0000000,0x00000000f3400000)
  from space 74752K, 0% used [0x00000000f3400000,0x00000000f3400000,0x00000000f7d00000)
  to   space 110080K, 0% used [0x00000000f9480000,0x00000000f9480000,0x0000000100000000)
 ParOldGen       total 476160K, used 161975K [0x00000000a0000000, 0x00000000bd100000, 0x00000000e0000000)
  object space 476160K, 34% used [0x00000000a0000000,0x00000000a9e2dfe8,0x00000000bd100000)
 Metaspace       used 89767K, capacity 96600K, committed 97024K, reserved 1132544K
  class space    used 11819K, capacity 13448K, committed 13568K, reserved 1048576K
}

Deoptimization events (10 events):
Event: 776.690 Thread 0x00000000224f8800 Uncommon trap: reason=bimorphic action=maybe_recompile pc=0x0000000003bb6994 method=java.security.MessageDigest$Delegate.clone()Ljava/lang/Object; @ 14
Event: 776.690 Thread 0x00000000224f8800 Uncommon trap: reason=bimorphic action=maybe_recompile pc=0x0000000005421690 method=org.gradle.util.CollectionUtils.filter(Ljava/lang/Iterable;Ljava/util/Collection;Lorg/gradle/api/specs/Spec;)Ljava/util/Collection; @ 1
Event: 776.691 Thread 0x00000000224f8800 Uncommon trap: reason=unstable_if action=reinterpret pc=0x0000000005c50f98 method=com.google.common.collect.Lists.newArrayList(Ljava/lang/Iterable;)Ljava/util/ArrayList; @ 9
Event: 776.697 Thread 0x00000000224f8800 Uncommon trap: reason=bimorphic action=maybe_recompile pc=0x0000000003875420 method=com.google.common.collect.Sets$2.size()I @ 33
Event: 776.697 Thread 0x00000000224f8800 Uncommon trap: reason=bimorphic action=maybe_recompile pc=0x0000000003875420 method=com.google.common.collect.Sets$2.size()I @ 33
Event: 776.697 Thread 0x00000000224f8800 Uncommon trap: reason=bimorphic action=maybe_recompile pc=0x0000000003875420 method=com.google.common.collect.Sets$2.size()I @ 33
Event: 776.697 Thread 0x00000000224f8800 Uncommon trap: reason=bimorphic action=maybe_recompile pc=0x0000000003875420 method=com.google.common.collect.Sets$2.size()I @ 33
Event: 776.891 Thread 0x000000001db98800 Uncommon trap: reason=unstable_if action=reinterpret pc=0x0000000003eb825c method=java.nio.file.FileTreeWalker.visit(Ljava/nio/file/Path;ZZ)Ljava/nio/file/FileTreeWalker$Event; @ 84
Event: 776.891 Thread 0x000000001db98800 Uncommon trap: reason=unstable_if action=reinterpret pc=0x0000000003fd6948 method=java.nio.file.FileTreeWalker.getAttributes(Ljava/nio/file/Path;Z)Ljava/nio/file/attribute/BasicFileAttributes; @ 35
Event: 776.891 Thread 0x000000001db98800 Uncommon trap: reason=unstable_if action=reinterpret pc=0x0000000005439a90 method=sun.nio.fs.WindowsPathParser.isLetter(C)Z @ 3

Internal exceptions (10 events):
Event: 774.105 Thread 0x0000000021c24800 Exception <a 'sun/nio/fs/WindowsException'> (0x00000000e1c32a38) thrown at [D:\re\workspace\8-2-build-windows-amd64-cygwin\jdk8u40\2855\hotspot\src\share\vm\prims\jni.cpp, line 709]
Event: 774.127 Thread 0x0000000021c24800 Exception <a 'sun/nio/fs/WindowsException'> (0x00000000e1f049d0) thrown at [D:\re\workspace\8-2-build-windows-amd64-cygwin\jdk8u40\2855\hotspot\src\share\vm\prims\jni.cpp, line 709]
Event: 774.138 Thread 0x0000000021c24800 Exception <a 'sun/nio/fs/WindowsException'> (0x00000000e21a8bc8) thrown at [D:\re\workspace\8-2-build-windows-amd64-cygwin\jdk8u40\2855\hotspot\src\share\vm\prims\jni.cpp, line 709]
Event: 774.150 Thread 0x0000000021c24800 Exception <a 'sun/nio/fs/WindowsException'> (0x00000000e244c8f8) thrown at [D:\re\workspace\8-2-build-windows-amd64-cygwin\jdk8u40\2855\hotspot\src\share\vm\prims\jni.cpp, line 709]
Event: 774.161 Thread 0x0000000021c24800 Exception <a 'sun/nio/fs/WindowsException'> (0x00000000e26ddbb0) thrown at [D:\re\workspace\8-2-build-windows-amd64-cygwin\jdk8u40\2855\hotspot\src\share\vm\prims\jni.cpp, line 709]
Event: 774.177 Thread 0x0000000021c24800 Exception <a 'sun/nio/fs/WindowsException'> (0x00000000e2a43ac8) thrown at [D:\re\workspace\8-2-build-windows-amd64-cygwin\jdk8u40\2855\hotspot\src\share\vm\prims\jni.cpp, line 709]
Event: 774.186 Thread 0x0000000021c24800 Exception <a 'sun/nio/fs/WindowsException'> (0x00000000e2cc8420) thrown at [D:\re\workspace\8-2-build-windows-amd64-cygwin\jdk8u40\2855\hotspot\src\share\vm\prims\jni.cpp, line 709]
Event: 776.512 Thread 0x0000000021c23000 Exception <a 'java/lang/NoSuchMethodError': <clinit>> (0x00000000e00db510) thrown at [D:\re\workspace\8-2-build-windows-amd64-cygwin\jdk8u40\2855\hotspot\src\share\vm\prims\jni.cpp, line 1598]
Event: 776.712 Thread 0x000000001db9b000 Exception <a 'java/lang/NoSuchMethodError': java.lang.Object.lambda$static$0(Ljava/lang/String;)Z> (0x00000000e8dd3cf8) thrown at [D:\re\workspace\8-2-build-windows-amd64-cygwin\jdk8u40\2855\hotspot\src\share\vm\interpreter\linkResolver.cpp, line 582]
Event: 776.890 Thread 0x000000001db98800 Exception <a 'sun/nio/fs/WindowsException'> (0x00000000ef861fc8) thrown at [D:\re\workspace\8-2-build-windows-amd64-cygwin\jdk8u40\2855\hotspot\src\share\vm\prims\jni.cpp, line 709]

Events (10 events):
Event: 777.402 Thread 0x000000001db9b800 DEOPT PACKING pc=0x000000000618fe01 sp=0x000000003056e710
Event: 777.402 Thread 0x000000001db9b800 DEOPT UNPACKING pc=0x0000000002cd787f sp=0x000000003056e6d8 mode 0
Event: 777.404 Thread 0x000000001db9b800 DEOPT PACKING pc=0x000000000618fe01 sp=0x000000003056e710
Event: 777.404 Thread 0x000000001db9b800 DEOPT UNPACKING pc=0x0000000002cd787f sp=0x000000003056e6d8 mode 0
Event: 777.405 Thread 0x0000000026c72000 DEOPT PACKING pc=0x000000000618fe01 sp=0x0000000030b6e880
Event: 777.405 Thread 0x0000000026c72000 DEOPT UNPACKING pc=0x0000000002cd787f sp=0x0000000030b6e848 mode 0
Event: 777.405 Thread 0x0000000026c72000 DEOPT PACKING pc=0x000000000618fe01 sp=0x0000000030b6e880
Event: 777.405 Thread 0x0000000026c72000 DEOPT UNPACKING pc=0x0000000002cd787f sp=0x0000000030b6e848 mode 0
Event: 777.405 Thread 0x0000000026c72000 DEOPT PACKING pc=0x000000000618fe01 sp=0x0000000030b6e880
Event: 777.405 Thread 0x0000000026c72000 DEOPT UNPACKING pc=0x0000000002cd787f sp=0x0000000030b6e848 mode 0


Dynamic libraries:
0x00007ff68c6a0000 - 0x00007ff68c6d7000 	D:\develop\java\JDK8\bin\java.exe
0x00007ff86b280000 - 0x00007ff86b461000 	C:\WINDOWS\SYSTEM32\ntdll.dll
0x00007ff869aa0000 - 0x00007ff869b51000 	C:\WINDOWS\System32\KERNEL32.DLL
0x00007ff867fd0000 - 0x00007ff868243000 	C:\WINDOWS\System32\KERNELBASE.dll
0x00007ff8698c0000 - 0x00007ff869961000 	C:\WINDOWS\System32\ADVAPI32.dll
0x00007ff869770000 - 0x00007ff86980e000 	C:\WINDOWS\System32\msvcrt.dll
0x00007ff868fa0000 - 0x00007ff868ffb000 	C:\WINDOWS\System32\sechost.dll
0x00007ff869070000 - 0x00007ff869194000 	C:\WINDOWS\System32\RPCRT4.dll
0x00007ff868e00000 - 0x00007ff868f90000 	C:\WINDOWS\System32\USER32.dll
0x00007ff8678a0000 - 0x00007ff8678c0000 	C:\WINDOWS\System32\win32u.dll
0x00007ff869870000 - 0x00007ff869898000 	C:\WINDOWS\System32\GDI32.dll
0x00007ff868490000 - 0x00007ff868621000 	C:\WINDOWS\System32\gdi32full.dll
0x00007ff867800000 - 0x00007ff86789f000 	C:\WINDOWS\System32\msvcp_win.dll
0x00007ff867700000 - 0x00007ff8677f8000 	C:\WINDOWS\System32\ucrtbase.dll
0x00007ff85c190000 - 0x00007ff85c3f9000 	C:\WINDOWS\WinSxS\amd64_microsoft.windows.common-controls_6595b64144ccf1df_6.0.17134.950_none_fb3da4273069d3e0\COMCTL32.dll
0x00007ff8691d0000 - 0x00007ff8694f2000 	C:\WINDOWS\System32\combase.dll
0x00007ff868630000 - 0x00007ff8686a9000 	C:\WINDOWS\System32\bcryptPrimitives.dll
0x00007ff8691a0000 - 0x00007ff8691cd000 	C:\WINDOWS\System32\IMM32.DLL
0x0000000064070000 - 0x0000000064142000 	D:\develop\java\JDK8\jre\bin\msvcr100.dll
0x00000000637e0000 - 0x0000000064063000 	D:\develop\java\JDK8\jre\bin\server\jvm.dll
0x00007ff86b240000 - 0x00007ff86b248000 	C:\WINDOWS\System32\PSAPI.DLL
0x00007ff865810000 - 0x00007ff865833000 	C:\WINDOWS\SYSTEM32\WINMM.dll
0x00007ff865840000 - 0x00007ff865849000 	C:\WINDOWS\SYSTEM32\WSOCK32.dll
0x00007ff869000000 - 0x00007ff86906c000 	C:\WINDOWS\System32\WS2_32.dll
0x00007ff861d50000 - 0x00007ff861d5a000 	C:\WINDOWS\SYSTEM32\VERSION.dll
0x00007ff8656a0000 - 0x00007ff8656ca000 	C:\WINDOWS\SYSTEM32\WINMMBASE.dll
0x00007ff868440000 - 0x00007ff868489000 	C:\WINDOWS\System32\cfgmgr32.dll
0x00000000637d0000 - 0x00000000637df000 	D:\develop\java\JDK8\jre\bin\verify.dll
0x00000000637a0000 - 0x00000000637c9000 	D:\develop\java\JDK8\jre\bin\java.dll
0x0000000063780000 - 0x0000000063796000 	D:\develop\java\JDK8\jre\bin\zip.dll
0x00007ff869d60000 - 0x00007ff86b1a0000 	C:\WINDOWS\System32\SHELL32.dll
0x00007ff8699f0000 - 0x00007ff869a99000 	C:\WINDOWS\System32\shcore.dll
0x00007ff8678c0000 - 0x00007ff867fcd000 	C:\WINDOWS\System32\windows.storage.dll
0x00007ff869b60000 - 0x00007ff869bb1000 	C:\WINDOWS\System32\shlwapi.dll
0x00007ff8675e0000 - 0x00007ff8675f1000 	C:\WINDOWS\System32\kernel.appcore.dll
0x00007ff8675c0000 - 0x00007ff8675df000 	C:\WINDOWS\System32\profapi.dll
0x00007ff867600000 - 0x00007ff86764c000 	C:\WINDOWS\System32\powrprof.dll
0x00007ff867590000 - 0x00007ff86759a000 	C:\WINDOWS\System32\FLTLIB.DLL
0x0000000063760000 - 0x000000006377a000 	D:\develop\java\JDK8\jre\bin\net.dll
0x00007ff866e10000 - 0x00007ff866e76000 	C:\WINDOWS\system32\mswsock.dll
0x0000000063740000 - 0x0000000063751000 	D:\develop\java\JDK8\jre\bin\nio.dll
0x00007ff853c90000 - 0x00007ff853cae000 	D:\gradle\cache\native\25\windows-amd64\native-platform.dll
0x0000000063730000 - 0x000000006373d000 	D:\develop\java\JDK8\jre\bin\management.dll
0x00007ff866fc0000 - 0x00007ff866fd7000 	C:\WINDOWS\SYSTEM32\CRYPTSP.dll
0x00007ff8669c0000 - 0x00007ff8669f3000 	C:\WINDOWS\system32\rsaenh.dll
0x00007ff8670f0000 - 0x00007ff867115000 	C:\WINDOWS\SYSTEM32\bcrypt.dll
0x00007ff867490000 - 0x00007ff8674b8000 	C:\WINDOWS\SYSTEM32\USERENV.dll
0x00007ff866fe0000 - 0x00007ff866feb000 	C:\WINDOWS\SYSTEM32\CRYPTBASE.dll
0x00007ff866b60000 - 0x00007ff866b98000 	C:\WINDOWS\SYSTEM32\IPHLPAPI.DLL
0x00007ff868770000 - 0x00007ff868778000 	C:\WINDOWS\System32\NSI.dll
0x00007ff860b30000 - 0x00007ff860b46000 	C:\WINDOWS\SYSTEM32\dhcpcsvc6.DLL
0x00007ff860b10000 - 0x00007ff860b2a000 	C:\WINDOWS\SYSTEM32\dhcpcsvc.DLL
0x0000000063700000 - 0x0000000063724000 	D:\develop\java\JDK8\jre\bin\sunec.dll
0x00007ff866ba0000 - 0x00007ff866c5e000 	C:\WINDOWS\SYSTEM32\DNSAPI.dll
0x00000000664d0000 - 0x0000000066505000 	C:\Program Files\Bonjour\mdnsNSP.dll
0x00007ff85fd90000 - 0x00007ff85fd9a000 	C:\Windows\System32\rasadhlp.dll
0x00007ff85d190000 - 0x00007ff85d202000 	C:\WINDOWS\System32\fwpuclnt.dll
0x00007ff854420000 - 0x00007ff854436000 	C:\WINDOWS\system32\napinsp.dll
0x00007ff854400000 - 0x00007ff85441a000 	C:\WINDOWS\system32\pnrpnsp.dll
0x00007ff864080000 - 0x00007ff864099000 	C:\WINDOWS\system32\NLAapi.dll
0x00007ff8543f0000 - 0x00007ff8543fe000 	C:\WINDOWS\System32\winrnr.dll
0x00007ff860c40000 - 0x00007ff860c55000 	C:\WINDOWS\System32\wshbth.dll
0x00007ff857490000 - 0x00007ff857659000 	C:\WINDOWS\SYSTEM32\dbghelp.dll

VM Arguments:
jvm_args: -Xmx1536m -Dfile.encoding=GBK -Duser.country=CN -Duser.language=zh -Duser.variant 
java_command: org.gradle.launcher.daemon.bootstrap.GradleDaemon 5.1.1
java_class_path (initial): D:\gradle\cache\wrapper\dists\gradle-5.1.1-all\97z1ksx6lirer3kbvdnh7jtjg\gradle-5.1.1\lib\gradle-launcher-5.1.1.jar
Launcher Type: SUN_STANDARD

Environment Variables:
JAVA_HOME=C:\Program Files\Java\jdk1.8.0_191
PATH=C:\Program Files (x86)\NetSarang\Xshell 6\;C:\Program Files (x86)\NetSarang\Xftp 6\;C:\WINDOWS\system32;C:\WINDOWS;C:\WINDOWS\System32\Wbem;C:\WINDOWS\System32\WindowsPowerShell\v1.0\;C:\Program Files (x86)\Common Files\microsoft shared\TigerKin;D:\develop\gradle-4.10.1\bin;C:\Program Files\dotnet\;C:\Program Files\Git\cmd;C:\WINDOWS\System32\OpenSSH\;D:\develop\nodejs\;D:\develop\antlr4;D:\tools\pandoc;D:\tools\jstub;D:\develop\opencv3.4\opencv\build\x64\vc14\bin;C:\Program Files\Microsoft SQL Server\110\Tools\Binn\;C:\Program Files\Microsoft SQL Server\120\Tools\Binn\;C:\Program Files\Microsoft SQL Server\130\Tools\Binn\;C:\Program Files (x86)\Tesseract-OCR;C:\Users\mayn\AppData\Local\Microsoft\WindowsApps;D:\develop\android\sdk\platform-tools;D:\develop\android\sdk\build-tools\28.0.2;D:\develop\groovy\bin;C:\Users\mayn\AppData\Local\Programs\Microsoft VS Code\bin;D:\develop\apktool;C:\Users\mayn\AppData\Roaming\npm;D:\tools\javaencrypt;D:\develop\flutter\bin;D:\develop\go\bin;D:\develop\mysql-8.0.15-winx64\bin;C:\Program Files\Java\jdk1.8.0_191\bin;C:\Program Files (x86)\Sikuli X\libs;D:\develop\ikvm-8.1.5717.0\bin;D:\develop\android\ndk\android-ndk-r18b;C:\Program Files\Bandizip\;D:\develop\ffmpeg-20180702-3c4af57-win64-static\bin;
USERNAME=mayn
OS=Windows_NT
PROCESSOR_IDENTIFIER=Intel64 Family 6 Model 158 Stepping 10, GenuineIntel



---------------  S Y S T E M  ---------------

OS: Windows 10.0 , 64 bit Build 17134 (10.0.17134.753)

CPU:total 12 (6 cores per cpu, 2 threads per core) family 6 model 158 stepping 10, cmov, cx8, fxsr, mmx, sse, sse2, sse3, ssse3, sse4.1, sse4.2, popcnt, avx, avx2, aes, clmul, erms, rtm, 3dnowpref, lzcnt, ht, tsc, tscinvbit, bmi1, bmi2, adx

Memory: 4k page, physical 16688388k(1679536k free), swap 24450236k(4140k free)

vm_info: Java HotSpot(TM) 64-Bit Server VM (25.40-b25) for windows-amd64 JRE (1.8.0_40-b25), built on Feb 10 2015 21:53:57 by "java_re" with MS VC++ 10.0 (VS2010)

time: Fri Sep 27 12:18:34 2019
elapsed time: 777 seconds (0d 0h 12m 57s)

